{"target": -2.959892513076863, "params": {"x": -1.9894076268088123, "y": 0.953633983654057}, "datetime": {"datetime": "2025-03-05 13:49:34", "elapsed": 0.0, "delta": 0.0}}
{"target": -0.7134791743023383, "params": {"x": 1.050970461249477, "y": 1.7803462461519244}, "datetime": {"datetime": "2025-03-05 13:49:34", "elapsed": 0.001098, "delta": 0.001098}}
{"target": -18.333804697747848, "params": {"x": -1.9769335943399402, "y": -2.9275359019769653}, "datetime": {"datetime": "2025-03-05 13:49:34", "elapsed": 0.052831, "delta": 0.051733}}
{"target": 0.9097199721353757, "params": {"x": -0.22831222796273742, "y": 0.8046706513927941}, "datetime": {"datetime": "2025-03-05 13:49:34", "elapsed": 0.111687, "delta": 0.058856}}
{"target": 0.913023173060441, "params": {"x": 0.20692536368024994, "y": 1.2101397649312364}, "datetime": {"datetime": "2025-03-05 13:49:34", "elapsed": 0.157964, "delta": 0.046277}}
